make all --print-data-base --no-builtin-variables --no-builtin-rules --question
make: *** No rule to make target 'all'.  Stop.

# GNU Make 4.2.1
# Built for x86_64-pc-linux-gnu
# Copyright (C) 1988-2016 Free Software Foundation, Inc.
# License GPLv3+: GNU GPL version 3 or later <http://gnu.org/licenses/gpl.html>
# This is free software: you are free to change and redistribute it.
# There is NO WARRANTY, to the extent permitted by law.

# Make data base, printed on Mon Jun 20 17:00:01 2022

# Variables

# 'override' directive
GNUMAKEFLAGS := 
# automatic
<D = $(patsubst %/,%,$(dir $<))
# automatic
?F = $(notdir $?)
# environment
PAPERSIZE = letter
# environment
DESKTOP_SESSION = ubuntu
# default
.SHELLFLAGS := -c
# environment
XDG_SESSION_CLASS = user
# environment
XDG_SESSION_TYPE = x11
# environment
VSCODE_LOG_NATIVE = false
# automatic
?D = $(patsubst %/,%,$(dir $?))
# environment
IM_CONFIG_PHASE = 1
# automatic
@D = $(patsubst %/,%,$(dir $@))
# environment
XAUTHORITY = /run/user/1000/gdm/Xauthority
# environment
GDMSESSION = ubuntu
# environment
XMODIFIERS = @im=ibus
# makefile
CURDIR := /home/islamghany/Drive/Code/Go/greenlight
# makefile
SHELL = /bin/sh
# environment
VSCODE_NLS_CONFIG = {"locale":"en-us","availableLanguages":{},"_languagePackSupport":true}
# makefile (from '.envrc', line 2)
EMAIL_PASSWORD = islamghany3@
# environment
_ = /usr/share/code/code
# environment
JOURNAL_STREAM = 9:53084
# environment
XDG_CONFIG_DIRS = /etc/xdg/xdg-ubuntu:/etc/xdg
# makefile (from '.envrc', line 1)
MAKEFILE_LIST :=  Makefile .envrc
# automatic
@F = $(notdir $@)
# environment
GIO_LAUNCHED_DESKTOP_FILE = /usr/share/applications/code.desktop
# environment
USERNAME = islamghany
# environment
MAKELEVEL := 0
# environment
XDG_DATA_DIRS = /usr/share/ubuntu:/usr/local/share/:/usr/share/:/var/lib/snapd/desktop
# environment
VSCODE_AMD_ENTRYPOINT = vs/workbench/api/node/extensionHostProcess
# environment
DBUS_SESSION_BUS_ADDRESS = unix:path=/run/user/1000/bus
# environment
VSCODE_VERBOSE_LOGGING = true
# environment
MANAGERPID = 2023
# environment
VSCODE_IPC_HOOK_EXTHOST = /run/user/1000/vscode-ipc-56baac70-af14-4cfa-9574-219e89cacd1f.sock
# environment
LC_NAME = en_US.UTF-8
# environment
VSCODE_CWD = /home/islamghany
# environment
GOPROXY = https://proxy.golang.org,direct
# default
MAKE_HOST := x86_64-pc-linux-gnu
# environment
PATH = /home/islamghany/.cargo/bin:/usr/local/sbin:/usr/local/bin:/usr/sbin:/usr/bin:/sbin:/bin:/usr/games:/usr/local/games:/snap/bin
# makefile (from 'Makefile', line 80)
current_time = $(shell date --iso-8601=seconds)
# environment
GPG_AGENT_INFO = /run/user/1000/gnupg/S.gpg-agent:0:1
# environment
GJS_DEBUG_OUTPUT = stderr
# environment
LSCOLORS = Gxfxcxdxbxegedabagacad
# environment
SESSION_MANAGER = local/islamghany:@/tmp/.ICE-unix/2231,unix/islamghany:/tmp/.ICE-unix/2231
# environment
XDG_RUNTIME_DIR = /run/user/1000
# environment
GOPATH = /home/islamghany/go
# makefile (from 'Makefile', line 82)
linker_flags = '-s -X main.buildTime=${current_time} -X main.version=${git_description}'
# environment
XDG_MENU_PREFIX = gnome-
# environment
VSCODE_LOG_STACK = false
# environment
ELECTRON_RUN_AS_NODE = 1
# environment
INVOCATION_ID = e590fe224ea547bb9ca2fd2d6fb15bdf
# default
.FEATURES := target-specific order-only second-expansion else-if shortest-stem undefine oneshell archives jobserver output-sync check-symlink load
# environment
LS_COLORS = 
# environment
XDG_SESSION_DESKTOP = ubuntu
# environment
SSH_AUTH_SOCK = /run/user/1000/keyring/ssh
# environment
GIO_LAUNCHED_DESKTOP_FILE_PID = 88664
# automatic
%F = $(notdir $%)
# environment
DISPLAY = :0
# environment
VSCODE_PIPE_LOGGING = true
# environment
PWD = /home/islamghany/Drive/Code/Go/greenlight
# default
.LOADED := 
# environment
SSH_AGENT_PID = 2199
# environment
ORIGINAL_XDG_CURRENT_DESKTOP = ubuntu:GNOME
# environment
GTK_MODULES = gail:atk-bridge
# environment
GOMODCACHE = /home/islamghany/go/pkg/mod
# environment
HOME = /home/islamghany
# environment
LC_MEASUREMENT = en_US.UTF-8
# environment
VSCODE_CODE_CACHE_PATH = /home/islamghany/.config/Code/CachedData/57fd6d0195bb9b9d1b49f6da5db789060795de47
# environment
LOGNAME = islamghany
# environment
APPLICATION_INSIGHTS_NO_DIAGNOSTIC_CHANNEL = 1
# environment
NVM_CD_FLAGS = -q
# automatic
+F = $(notdir $+)
# environment
ZSH = /home/islamghany/.oh-my-zsh
# environment
VSCODE_HANDLES_UNCAUGHT_ERRORS = true
# environment
GNOME_DESKTOP_SESSION_ID = this-is-deprecated
# automatic
^D = $(patsubst %/,%,$(dir $^))
# makefile (from '.envrc', line 4)
GREENLIGHT_USERID_TOKEN = greenlight-userId-token
# environment
LC_TIME = en_US.UTF-8
# default
MAKE = $(MAKE_COMMAND)
# default
MAKECMDGOALS := all
# environment
QT_IM_MODULE = ibus
# environment
SHLVL = 0
# environment
GNOME_SHELL_SESSION_MODE = ubuntu
# default
MAKE_VERSION := 4.2.1
# environment
USER = islamghany
# environment
LC_MONETARY = en_US.UTF-8
# makefile
.DEFAULT_GOAL := help
# environment
XDG_CURRENT_DESKTOP = Unity
# environment
LESS = -R
# automatic
%D = $(patsubst %/,%,$(dir $%))
# makefile (from '.envrc', line 8)
REDIS_PASSWORD = dqFbTrJAXOfhaPaEdHZti8R3HRwcGdx7
# environment
LC_TELEPHONE = en_US.UTF-8
# default
MAKE_COMMAND := make
# environment
OLDPWD = /home/islamghany
# default
.VARIABLES := 
# automatic
*F = $(notdir $*)
# environment
VSCODE_IPC_HOOK = /run/user/1000/vscode-3e32e185-1.67.0-main.sock
# makefile
MAKEFLAGS = pqrR
# environment
MFLAGS = -pqrR
# automatic
*D = $(patsubst %/,%,$(dir $*))
# environment
NVM_DIR = /home/islamghany/.nvm
# automatic
+D = $(patsubst %/,%,$(dir $+))
# environment
GDK_BACKEND = x11
# environment
LC_PAPER = en_US.UTF-8
# environment
QT_ACCESSIBILITY = 1
# makefile (from 'Makefile', line 81)
git_description = $(shell git describe --always --dirty)
# default
MAKEFILES := 
# environment
LC_NUMERIC = en_US.UTF-8
# automatic
<F = $(notdir $<)
# makefile (from '.envrc', line 1)
GREENLIGHT_DB_DSN = postgres://greenlight:islamghany@localhost/greenlight
# environment
PAGER = less
# environment
LC_ALL = C
# makefile (from '.envrc', line 5)
CLIENT_URL = http://localhost:3000/
# environment
GJS_DEBUG_TOPICS = JS ERROR;JS LOG
# automatic
^F = $(notdir $^)
# makefile (from '.envrc', line 3)
GREENLIGHT_TOKEN = greenlight-token
# default
SUFFIXES := 
# environment
CHROME_DESKTOP = code-url-handler.desktop
# environment
WINDOWPATH = 2
# default
.INCLUDE_DIRS = /usr/include /usr/local/include /usr/include
# environment
LC_IDENTIFICATION = en_US.UTF-8
# default
.RECIPEPREFIX := 
# environment
LC_ADDRESS = en_US.UTF-8
# makefile (from '.envrc', line 6)
REDIS_HOST = redis-19934.c245.us-east-1-3.ec2.cloud.redislabs.com
# environment
LANG = C
# makefile (from '.envrc', line 7)
REDIS_PORT = 19934
# environment
VSCODE_PID = 88664
# environment
NVM_RC_VERSION = 
# variable set hash-table stats:
# Load=127/1024=12%, Rehash=0, Collisions=20/155=13%

# Pattern-specific Variable Values

# No pattern-specific variable values.

# Directories

# . (device 2049, inode 11273009): 17 files, no impossibilities.

# 17 files, no impossibilities in 1 directories.

# Implicit Rules

 
# No implicit rules.

# Files

# Not a target:
all:
#  Command line target.
#  Implicit rule search has been done.
#  File does not exist.
#  File has not been updated.

.PHONY: help confirm run/api db/psql db/migrations/new db/migrations/up audit vendor build/api
#  Implicit rule search has not been done.
#  Modification time never checked.
#  File has not been updated.

db/migrations/new:
#  Phony target (prerequisite of .PHONY).
#  Implicit rule search has not been done.
#  File does not exist.
#  File has not been updated.
#  recipe to execute (from 'Makefile', line 39):
	@echo 'Creating migration files for ${name}...'
	migrate create -seq -ext=.sql -dir=./migrations ${name}

# Not a target:
Makefile:
#  Implicit rule search has been done.
#  Last modified 2022-06-08 12:31:33.845105402
#  File has been updated.
#  Successfully updated.

confirm:
#  Phony target (prerequisite of .PHONY).
#  Implicit rule search has not been done.
#  File does not exist.
#  File has not been updated.
#  recipe to execute (from 'Makefile', line 16):
	@echo -n 'Are you sure? [y/N] ' && read ans && [ $${ans:-N} = y ]

help:
#  Phony target (prerequisite of .PHONY).
#  Implicit rule search has not been done.
#  File does not exist.
#  File has not been updated.
#  recipe to execute (from 'Makefile', line 11):
	@echo 'Usage:'
	@sed -n 's/^##//p' ${MAKEFILE_LIST} | column -t -s ':' |  sed -e 's/^/ /'

build/api:
#  Phony target (prerequisite of .PHONY).
#  Implicit rule search has not been done.
#  File does not exist.
#  File has not been updated.
#  recipe to execute (from 'Makefile', line 87):
	@echo 'Building cmd/api...'
	go build -ldflags=${linker_flags} -o=./bin/api ./cmd/api
	#GOOS=linux GOARCH=amd64 go build -ldflags=${linker_flags} -o=./bin/linux_amd64/api ./cmd/api

# Not a target:
.DEFAULT:
#  Implicit rule search has not been done.
#  Modification time never checked.
#  File has not been updated.

audit: vendor
#  Phony target (prerequisite of .PHONY).
#  Implicit rule search has not been done.
#  File does not exist.
#  File has not been updated.
#  recipe to execute (from 'Makefile', line 56):
	@echo 'Formatting code...'
	go fmt ./...
	@echo 'Vetting code...'
	go vet ./...
	staticcheck ./...
	@echo 'Running tests...'
	go test -race -vet=off ./...

db/psql:
#  Phony target (prerequisite of .PHONY).
#  Implicit rule search has not been done.
#  File does not exist.
#  File has not been updated.
#  recipe to execute (from 'Makefile', line 34):
	psql ${GREENLIGHT_DB_DSN}

db/migrations/up: confirm
#  Phony target (prerequisite of .PHONY).
#  Implicit rule search has not been done.
#  File does not exist.
#  File has not been updated.
#  recipe to execute (from 'Makefile', line 45):
	@echo 'Running up migrations...'
	migrate -path ./migrations -database ${GREENLIGHT_DB_DSN} up

# Not a target:
.envrc:
#  Implicit rule search has been done.
#  Last modified 2022-06-08 15:29:43.540755372
#  File has been updated.
#  Successfully updated.

run/dev:
#  Implicit rule search has not been done.
#  Modification time never checked.
#  File has not been updated.
#  recipe to execute (from 'Makefile', line 30):
	@go run ./sandbox/main.go

run/api:
#  Phony target (prerequisite of .PHONY).
#  Implicit rule search has not been done.
#  File does not exist.
#  File has not been updated.
#  recipe to execute (from 'Makefile', line 26):
	@go run ./cmd/api -db-dsn=${GREENLIGHT_DB_DSN}

vendor:
#  Phony target (prerequisite of .PHONY).
#  Implicit rule search has not been done.
#  File does not exist.
#  File has not been updated.
#  recipe to execute (from 'Makefile', line 68):
	@echo 'Tidying and verifying module dependencies...'
	go mod tidy
	go mod verify
	@echo 'Vendoring dependencies...'
	go mod vendor

# files hash-table stats:
# Load=16/1024=2%, Rehash=0, Collisions=0/55=0%
# VPATH Search Paths

# No 'vpath' search paths.

# No general ('VPATH' variable) search path.

# strcache buffers: 1 (0) / strings = 32 / storage = 270 B / avg = 8 B
# current buf: size = 8162 B / used = 270 B / count = 32 / avg = 8 B

# strcache performance: lookups = 77 / hit rate = 58%
# hash-table stats:
# Load=32/8192=0%, Rehash=0, Collisions=1/77=1%
# Finished Make data base on Mon Jun 20 17:00:01 2022

 
